travelogue/app/build/intermediates/manifest_merge_blame_file/debug/manifest-merger-blame-debug-report.txt
1<?xml version="1.0" encoding="utf-8"?>
2<manifest xmlns:android="http://schemas.android.com/apk/res/android"
3    package="earth.devgalileo.travelogue"
4    android:versionCode="1"
5    android:versionName="1.0" >
6
7    <uses-sdk
8        android:minSdkVersion="21"
8-->src\main\AndroidManifest.xml
9        android:targetSdkVersion="29" />
9-->src\main\AndroidManifest.xml
10    <!--
11         The ACCESS_COARSE/FINE_LOCATION permissions are not required to use
12         Google Maps Android API v2, but you must specify either coarse or fine
13         location permissions for the 'MyLocation' functionality.
14    -->
15    <uses-permission android:name="android.permission.ACCESS_FINE_LOCATION" />
15-->src\main\AndroidManifest.xml:9:5-79
15-->src\main\AndroidManifest.xml:9:22-76
16    <uses-permission android:name="android.permission.ACCESS_COARSE_LOCATION" />
16-->src\main\AndroidManifest.xml:10:5-81
16-->src\main\AndroidManifest.xml:10:22-78
17    <uses-permission android:name="android.permission.READ_EXTERNAL_STORAGE" />
17-->src\main\AndroidManifest.xml:11:5-80
17-->src\main\AndroidManifest.xml:11:22-77
18    <uses-permission android:name="android.permission.WRITE_EXTERNAL_STORAGE" />
18-->src\main\AndroidManifest.xml:12:5-81
18-->src\main\AndroidManifest.xml:12:22-78
19    <uses-permission android:name="android.permission.CAMERA" />
19-->src\main\AndroidManifest.xml:13:5-65
19-->src\main\AndroidManifest.xml:13:22-62
20    <uses-permission android:name="android.permission.ACCESS_WIFI_STATE" />
20-->[com.google.android.libraries.places:places:2.2.0] AndroidManifest.xml:10:5-76
20-->[com.google.android.libraries.places:places:2.2.0] AndroidManifest.xml:10:22-73
21    <uses-permission android:name="android.permission.INTERNET" /> <!-- Include required permissions for Google Maps API to run. -->
21-->[com.google.android.libraries.places:places:2.2.0] AndroidManifest.xml:11:5-67
21-->[com.google.android.libraries.places:places:2.2.0] AndroidManifest.xml:11:22-64
22    <uses-permission android:name="android.permission.ACCESS_NETWORK_STATE" />
22-->[com.google.android.gms:play-services-maps:17.0.0] AndroidManifest.xml:23:5-79
22-->[com.google.android.gms:play-services-maps:17.0.0] AndroidManifest.xml:23:22-76
23
24    <uses-feature
24-->[com.google.android.gms:play-services-maps:17.0.0] AndroidManifest.xml:26:5-28:35
25        android:glEsVersion="0x00020000"
25-->[com.google.android.gms:play-services-maps:17.0.0] AndroidManifest.xml:27:9-41
26        android:required="true" />
26-->[com.google.android.gms:play-services-maps:17.0.0] AndroidManifest.xml:28:9-32
27
28    <application
28-->src\main\AndroidManifest.xml:15:5-57:19
29        android:allowBackup="true"
29-->src\main\AndroidManifest.xml:16:9-35
30        android:appComponentFactory="androidx.core.app.CoreComponentFactory"
30-->[androidx.core:core:1.2.0] AndroidManifest.xml:24:18-86
31        android:debuggable="true"
32        android:icon="@mipmap/ic_final_icon"
32-->src\main\AndroidManifest.xml:17:9-45
33        android:label="@string/app_name"
33-->src\main\AndroidManifest.xml:18:9-41
34        android:roundIcon="@mipmap/ic_launcher_round"
34-->src\main\AndroidManifest.xml:19:9-54
35        android:supportsRtl="true"
35-->src\main\AndroidManifest.xml:20:9-35
36        android:theme="@style/AppTheme" >
36-->src\main\AndroidManifest.xml:21:9-40
37        <activity
37-->src\main\AndroidManifest.xml:22:9-25:60
38            android:name="earth.devgalileo.travelogue.activities.MapActivity"
38-->src\main\AndroidManifest.xml:22:19-57
39            android:label="LOGUES MAP"
39-->src\main\AndroidManifest.xml:23:13-39
40            android:screenOrientation="portrait"
40-->src\main\AndroidManifest.xml:24:13-49
41            android:theme="@style/CustomNoActionBarTheme" />
41-->src\main\AndroidManifest.xml:25:13-58
42        <!--
43             The API key for Google Maps-based APIs is defined as a string resource.
44             (See the file "res/values/google_maps_api.xml").
45             Note that the API key is linked to the encryption key used to sign the APK.
46             You need a different API key for each encryption key, including the release key that is used to
47             sign the APK for publishing.
48             You can define the keys for the debug and release targets in src/debug/ and src/release/.
49        -->
50
51        <meta-data
51-->src\main\AndroidManifest.xml:36:9-38:54
52            android:name="com.google.android.maps.v2.API_KEY"
52-->src\main\AndroidManifest.xml:37:13-62
53            android:value="@string/maps_api_v2_key" />
53-->src\main\AndroidManifest.xml:38:13-52
54
55        <activity
55-->src\main\AndroidManifest.xml:40:9-44:61
56            android:name="earth.devgalileo.travelogue.activities.travelLogueDetailActivity"
56-->src\main\AndroidManifest.xml:41:13-65
57            android:label="LOGUE DETAILS"
57-->src\main\AndroidManifest.xml:42:13-42
58            android:screenOrientation="portrait"
58-->src\main\AndroidManifest.xml:43:13-49
59            android:theme="@style/CustomNoActionBarTheme" />
59-->src\main\AndroidManifest.xml:44:13-58
60        <activity
60-->src\main\AndroidManifest.xml:45:9-49:61
61            android:name="earth.devgalileo.travelogue.activities.AddNewLogue"
61-->src\main\AndroidManifest.xml:46:13-51
62            android:label="ADD NEW LOGUE"
62-->src\main\AndroidManifest.xml:47:13-42
63            android:screenOrientation="portrait"
63-->src\main\AndroidManifest.xml:48:13-49
64            android:theme="@style/CustomNoActionBarTheme" />
64-->src\main\AndroidManifest.xml:49:13-58
65        <activity android:name="earth.devgalileo.travelogue.activities.MainActivity" >
65-->src\main\AndroidManifest.xml:50:9-56:20
65-->src\main\AndroidManifest.xml:50:19-58
66            <intent-filter>
66-->src\main\AndroidManifest.xml:51:13-55:29
67                <action android:name="android.intent.action.MAIN" />
67-->src\main\AndroidManifest.xml:52:17-69
67-->src\main\AndroidManifest.xml:52:25-66
68
69                <category android:name="android.intent.category.LAUNCHER" />
69-->src\main\AndroidManifest.xml:54:17-77
69-->src\main\AndroidManifest.xml:54:27-74
70            </intent-filter>
71        </activity>
72        <activity
72-->[com.karumi:dexter:6.1.2] AndroidManifest.xml:27:9-29:72
73            android:name="com.karumi.dexter.DexterActivity"
73-->[com.karumi:dexter:6.1.2] AndroidManifest.xml:28:13-60
74            android:theme="@style/Dexter.Internal.Theme.Transparent" />
74-->[com.karumi:dexter:6.1.2] AndroidManifest.xml:29:13-69
75        <activity
75-->[com.google.android.libraries.places:places:2.2.0] AndroidManifest.xml:14:9-20:20
76            android:name="com.google.android.libraries.places.widget.AutocompleteActivity"
76-->[com.google.android.libraries.places:places:2.2.0] AndroidManifest.xml:15:13-91
77            android:exported="false"
77-->[com.google.android.libraries.places:places:2.2.0] AndroidManifest.xml:16:13-37
78            android:label="@string/places_autocomplete_label"
78-->[com.google.android.libraries.places:places:2.2.0] AndroidManifest.xml:17:13-62
79            android:theme="@style/PlacesAutocompleteOverlay"
79-->[com.google.android.libraries.places:places:2.2.0] AndroidManifest.xml:18:13-61
80            android:windowSoftInputMode="adjustResize" >
80-->[com.google.android.libraries.places:places:2.2.0] AndroidManifest.xml:19:13-55
81        </activity> <!-- Needs to be explicitly declared on P+ -->
82        <uses-library
82-->[com.google.android.gms:play-services-maps:17.0.0] AndroidManifest.xml:33:9-35:40
83            android:name="org.apache.http.legacy"
83-->[com.google.android.gms:play-services-maps:17.0.0] AndroidManifest.xml:34:13-50
84            android:required="false" />
84-->[com.google.android.gms:play-services-maps:17.0.0] AndroidManifest.xml:35:13-37
85
86        <activity
86-->[com.google.android.gms:play-services-base:17.0.0] AndroidManifest.xml:23:9-26:75
87            android:name="com.google.android.gms.common.api.GoogleApiActivity"
87-->[com.google.android.gms:play-services-base:17.0.0] AndroidManifest.xml:24:13-79
88            android:exported="false"
88-->[com.google.android.gms:play-services-base:17.0.0] AndroidManifest.xml:25:13-37
89            android:theme="@android:style/Theme.Translucent.NoTitleBar" />
89-->[com.google.android.gms:play-services-base:17.0.0] AndroidManifest.xml:26:13-72
90
91        <meta-data
91-->[com.google.android.gms:play-services-basement:17.0.0] AndroidManifest.xml:23:9-25:69
92            android:name="com.google.android.gms.version"
92-->[com.google.android.gms:play-services-basement:17.0.0] AndroidManifest.xml:24:13-58
93            android:value="@integer/google_play_services_version" />
93-->[com.google.android.gms:play-services-basement:17.0.0] AndroidManifest.xml:25:13-66
94
95        <service
95-->[com.google.android.datatransport:transport-backend-cct:2.1.0] AndroidManifest.xml:29:9-35:19
96            android:name="com.google.android.datatransport.runtime.backends.TransportBackendDiscovery"
96-->[com.google.android.datatransport:transport-backend-cct:2.1.0] AndroidManifest.xml:30:13-103
97            android:exported="false" >
97-->[com.google.android.datatransport:transport-backend-cct:2.1.0] AndroidManifest.xml:31:13-37
98            <meta-data
98-->[com.google.android.datatransport:transport-backend-cct:2.1.0] AndroidManifest.xml:32:13-34:39
99                android:name="backend:com.google.android.datatransport.cct.CctBackendFactory"
99-->[com.google.android.datatransport:transport-backend-cct:2.1.0] AndroidManifest.xml:33:17-94
100                android:value="cct" />
100-->[com.google.android.datatransport:transport-backend-cct:2.1.0] AndroidManifest.xml:34:17-36
101        </service>
102        <service
102-->[com.google.android.datatransport:transport-runtime:2.1.0] AndroidManifest.xml:26:9-30:19
103            android:name="com.google.android.datatransport.runtime.scheduling.jobscheduling.JobInfoSchedulerService"
103-->[com.google.android.datatransport:transport-runtime:2.1.0] AndroidManifest.xml:27:13-117
104            android:exported="false"
104-->[com.google.android.datatransport:transport-runtime:2.1.0] AndroidManifest.xml:28:13-37
105            android:permission="android.permission.BIND_JOB_SERVICE" >
105-->[com.google.android.datatransport:transport-runtime:2.1.0] AndroidManifest.xml:29:13-69
106        </service>
107
108        <receiver
108-->[com.google.android.datatransport:transport-runtime:2.1.0] AndroidManifest.xml:32:9-34:40
109            android:name="com.google.android.datatransport.runtime.scheduling.jobscheduling.AlarmManagerSchedulerBroadcastReceiver"
109-->[com.google.android.datatransport:transport-runtime:2.1.0] AndroidManifest.xml:33:13-132
110            android:exported="false" />
110-->[com.google.android.datatransport:transport-runtime:2.1.0] AndroidManifest.xml:34:13-37
111
112        <provider
112-->[androidx.lifecycle:lifecycle-process:2.1.0] AndroidManifest.xml:23:9-27:43
113            android:name="androidx.lifecycle.ProcessLifecycleOwnerInitializer"
113-->[androidx.lifecycle:lifecycle-process:2.1.0] AndroidManifest.xml:24:13-79
114            android:authorities="earth.devgalileo.travelogue.lifecycle-process"
114-->[androidx.lifecycle:lifecycle-process:2.1.0] AndroidManifest.xml:25:13-69
115            android:exported="false"
115-->[androidx.lifecycle:lifecycle-process:2.1.0] AndroidManifest.xml:26:13-37
116            android:multiprocess="true" />
116-->[androidx.lifecycle:lifecycle-process:2.1.0] AndroidManifest.xml:27:13-40
117    </application>
118
119</manifest>